<?xml version="1.0" encoding="UTF-8"?>
<testng-results ignored="0" total="1" passed="1" failed="0" skipped="0">
  <reporter-output>
  </reporter-output>
  <suite started-at="2021-04-18T09:31:05Z" name="Default suite" finished-at="2021-04-18T09:32:27Z" duration-ms="82168">
    <groups>
    </groups>
    <test started-at="2021-04-18T09:31:05Z" name="Default test" finished-at="2021-04-18T09:32:27Z" duration-ms="82168">
      <class name="com.Vtiger_TestScripts.TestCase_10">
        <test-method is-config="true" signature="launchBrowser()[pri:0, instance:com.Vtiger_TestScripts.TestCase_10@6e75aa0d]" started-at="2021-04-18T09:31:05Z" name="launchBrowser" finished-at="2021-04-18T09:31:26Z" duration-ms="20612" status="PASS">
          <reporter-output>
          </reporter-output>
        </test-method> <!-- launchBrowser -->
        <test-method is-config="true" signature="loginApp()[pri:0, instance:com.Vtiger_TestScripts.TestCase_10@6e75aa0d]" started-at="2021-04-18T09:31:26Z" name="loginApp" finished-at="2021-04-18T09:31:38Z" duration-ms="11602" status="PASS">
          <reporter-output>
          </reporter-output>
        </test-method> <!-- loginApp -->
        <test-method signature="TestCase_10()[pri:0, instance:com.Vtiger_TestScripts.TestCase_10@6e75aa0d]" started-at="2021-04-18T09:31:38Z" name="TestCase_10" finished-at="2021-04-18T09:32:13Z" duration-ms="35592" status="PASS">
          <reporter-output>
          </reporter-output>
        </test-method> <!-- TestCase_10 -->
        <test-method is-config="true" signature="logoutApp()[pri:0, instance:com.Vtiger_TestScripts.TestCase_10@6e75aa0d]" started-at="2021-04-18T09:32:13Z" name="logoutApp" finished-at="2021-04-18T09:32:27Z" duration-ms="14258" status="PASS">
          <reporter-output>
          </reporter-output>
        </test-method> <!-- logoutApp -->
      </class> <!-- com.Vtiger_TestScripts.TestCase_10 -->
    </test> <!-- Default test -->
  </suite> <!-- Default suite -->
</testng-results>
